<?xml version="1.0" encoding="UTF-8"?>
<testng-results skipped="0" failed="0" ignored="0" total="1" passed="1">
  <reporter-output>
  </reporter-output>
  <suite name="Default suite" duration-ms="19043" started-at="2020-01-01T09:32:19Z" finished-at="2020-01-01T09:32:38Z">
    <groups>
    </groups>
    <test name="Default test" duration-ms="19043" started-at="2020-01-01T09:32:19Z" finished-at="2020-01-01T09:32:38Z">
      <class name="com.orangehrm.tests.LoginTest">
        <test-method status="PASS" signature="setUp()[pri:0, instance:com.orangehrm.tests.LoginTest@1c7cbad]" name="setUp" is-config="true" duration-ms="10954" started-at="2020-01-01T15:02:19Z" finished-at="2020-01-01T15:02:30Z">
          <reporter-output>
          </reporter-output>
        </test-method> <!-- setUp -->
        <test-method status="PASS" signature="testcase1()[pri:0, instance:com.orangehrm.tests.LoginTest@1c7cbad]" name="testcase1" duration-ms="6641" started-at="2020-01-01T15:02:30Z" finished-at="2020-01-01T15:02:37Z">
          <reporter-output>
          </reporter-output>
        </test-method> <!-- testcase1 -->
        <test-method status="PASS" signature="tearDown()[pri:0, instance:com.orangehrm.tests.LoginTest@1c7cbad]" name="tearDown" is-config="true" duration-ms="1386" started-at="2020-01-01T15:02:37Z" finished-at="2020-01-01T15:02:38Z">
          <reporter-output>
          </reporter-output>
        </test-method> <!-- tearDown -->
      </class> <!-- com.orangehrm.tests.LoginTest -->
    </test> <!-- Default test -->
  </suite> <!-- Default suite -->
</testng-results>
